<?xml version="1.0" encoding="UTF-8"?>
<!-- Generated by org.testng.reporters.JUnitReportReporter -->
<testsuite hostname="DESKTOP-PDQBIIN" failures="0" tests="4" name="com.parabank.parasoft.testCases.RegisterTest" time="18.328" errors="0" timestamp="2025-01-02T15:03:23 SEČ" skipped="0">
  <testcase classname="com.parabank.parasoft.testCases.RegisterTest" name="TC_03_registerWithInvalidPassword" time="4.592"/>
  <testcase classname="com.parabank.parasoft.testCases.RegisterTest" name="TC_02_registerWithInvalidUserName" time="4.209"/>
  <testcase classname="com.parabank.parasoft.testCases.RegisterTest" name="TC_01_registerWithValidCredentials" time="5.715"/>
  <testcase classname="com.parabank.parasoft.testCases.RegisterTest" name="TC_04_registerWithEmptyCredentials" time="3.812"/>
</testsuite> <!-- com.parabank.parasoft.testCases.RegisterTest -->
